<?xml version="1.0" encoding="UTF-8"?>
<robot generator="Robot 7.4.1 (Python 3.14.3 on win32)" generated="2026-03-17T16:23:12.176462" rpa="false" schemaversion="5">
<suite id="s1" name="Test Form" source="C:\Projects\RobotFramework\RF_Pycharm\tests\test_form.robot">
<test id="s1-t1" name="Formulier Invullen" line="7">
<kw name="New Browser" owner="Browser">
<msg time="2026-03-17T16:23:12.607192" level="INFO">{"browser": "chromium", "headless": true, "chromiumSandbox": false, "devtools": false, "handleSIGHUP": true, "handleSIGINT": true, "handleSIGTERM": true, "slowMo": 0.0, "timeout": 30000.0, "tracesDir": "C:\\Projects\\RobotFramework\\RF_Pycharm\\log\\browser\\traces\\temp\\982cccbc-ec64-4847-b918-97722fb4704a"}</msg>
<msg time="2026-03-17T16:23:12.642688" level="INFO">Starting Browser process C:\Users\mervi\AppData\Local\Python\pythoncore-3.14-64\Lib\site-packages\Browser\wrapper\index.js using at 127.0.0.1:55705</msg>
<msg time="2026-03-17T16:23:15.150606" level="INFO">Successfully created browser with options: {"browser":"chromium","headless":true,"chromiumSandbox":false,"devtools":false,"handleSIGHUP":true,"handleSIGINT":true,"handleSIGTERM":true,"slowMo":0,"timeout":30000,"tracesDir":"C:\\Projects\\RobotFramework\\RF_Pycharm\\log\\browser\\traces\\temp\\982cccbc-ec64-4847-b918-97722fb4704a"}</msg>
<arg>chromium</arg>
<arg>headless=True</arg>
<tag>BrowserControl</tag>
<tag>Setter</tag>
<doc>Create a new playwright Browser with specified options.</doc>
<status status="PASS" start="2026-03-17T16:23:12.605880" elapsed="2.545155"/>
</kw>
<kw name="New Context" owner="Browser">
<msg time="2026-03-17T16:23:15.154013" level="INFO">{
  "acceptDownloads": true,
  "bypassCSP": false,
  "forcedColors": "none",
  "ignoreHTTPSErrors": false,
  "javaScriptEnabled": true,
  "offline": false,
  "reducedMotion": "no-preference",
  "serviceWorkers": "allow",
  "viewport": null
}</msg>
<msg time="2026-03-17T16:23:15.170108" level="INFO">Successfully created context. </msg>
<msg time="2026-03-17T16:23:15.170403" level="INFO">{'acceptDownloads': True, 'bypassCSP': False, 'forcedColors': 'none', 'ignoreHTTPSErrors': False, 'javaScriptEnabled': True, 'offline': False, 'reducedMotion': 'no-preference', 'serviceWorkers': 'allow', 'viewport': None}</msg>
<arg>viewport=None</arg>
<tag>BrowserControl</tag>
<tag>Setter</tag>
<doc>Create a new BrowserContext with specified options.</doc>
<status status="PASS" start="2026-03-17T16:23:15.151428" elapsed="0.019165"/>
</kw>
<kw name="New Page" owner="Browser">
<msg time="2026-03-17T16:23:16.272033" level="INFO">Successfully initialized new page object and opened url: file://C:\Projects\RobotFramework\RF_Pycharm\resources/../pages/form.html</msg>
<arg>${FORM_PAGE}</arg>
<tag>BrowserControl</tag>
<tag>Setter</tag>
<doc>Open a new Page.</doc>
<status status="PASS" start="2026-03-17T16:23:15.170874" elapsed="1.101605"/>
</kw>
<kw name="Wait For Elements State" owner="Browser">
<msg time="2026-03-17T16:23:16.536905" level="INFO">Waited for Element with selector id=firstName at state visible</msg>
<arg>${input_firstName}</arg>
<arg>visible</arg>
<tag>PageContent</tag>
<tag>Wait</tag>
<doc>Waits for the element found by ``selector`` to satisfy state option.</doc>
<status status="PASS" start="2026-03-17T16:23:16.272734" elapsed="0.264676"/>
</kw>
<kw name="Fill Text" owner="Browser">
<msg time="2026-03-17T16:23:16.538882" level="INFO">Fills the text 'Mervin' in the given field.</msg>
<arg>${input_firstName}</arg>
<arg>${FIRST_NAME}</arg>
<tag>PageContent</tag>
<tag>Setter</tag>
<doc>Clears and fills the given ``txt`` into the text field found by ``selector``.</doc>
<status status="PASS" start="2026-03-17T16:23:16.537686" elapsed="0.093200"/>
</kw>
<kw name="Fill Text" owner="Browser">
<msg time="2026-03-17T16:23:16.633390" level="INFO">Fills the text 'Saib' in the given field.</msg>
<arg>${input_lastName}</arg>
<arg>${LAST_NAME}</arg>
<tag>PageContent</tag>
<tag>Setter</tag>
<doc>Clears and fills the given ``txt`` into the text field found by ``selector``.</doc>
<status status="PASS" start="2026-03-17T16:23:16.631674" elapsed="0.046655"/>
</kw>
<kw name="Fill Text" owner="Browser">
<msg time="2026-03-17T16:23:16.680042" level="INFO">Fills the text 'mervin@example.com' in the given field.</msg>
<arg>${input_email}</arg>
<arg>${EMAIL}</arg>
<tag>PageContent</tag>
<tag>Setter</tag>
<doc>Clears and fills the given ``txt`` into the text field found by ``selector``.</doc>
<status status="PASS" start="2026-03-17T16:23:16.678837" elapsed="0.019270"/>
</kw>
<kw name="Click" owner="Browser">
<msg time="2026-03-17T16:23:16.699633" level="INFO">Clicks the element 'id=submitButton'.</msg>
<arg>${button_oefenformulierSubmit}</arg>
<tag>PageContent</tag>
<tag>Setter</tag>
<doc>Simulates mouse click on the element found by ``selector``.</doc>
<status status="PASS" start="2026-03-17T16:23:16.698565" elapsed="0.131105"/>
</kw>
<kw name="Wait For Elements State" owner="Browser">
<msg time="2026-03-17T16:23:16.843833" level="INFO">Waited for Element with selector id=successMsg at state visible</msg>
<arg>${successMsg}</arg>
<arg>visible</arg>
<tag>PageContent</tag>
<tag>Wait</tag>
<doc>Waits for the element found by ``selector`` to satisfy state option.</doc>
<status status="PASS" start="2026-03-17T16:23:16.830487" elapsed="0.013654"/>
</kw>
<kw name="Get Text" owner="Browser">
<msg time="2026-03-17T16:23:16.899680" level="INFO">Text: 'Formulier succesvol ingediend!'</msg>
<msg time="2026-03-17T16:23:16.900030" level="INFO">${actual_text} = Formulier succesvol ingediend!</msg>
<var>${actual_text}</var>
<arg>${successMsg}</arg>
<tag>Assertion</tag>
<tag>Getter</tag>
<tag>PageContent</tag>
<doc>Returns text attribute of the element found by ``selector``.</doc>
<status status="PASS" start="2026-03-17T16:23:16.844423" elapsed="0.055688"/>
</kw>
<kw name="Log" owner="BuiltIn">
<msg time="2026-03-17T16:23:16.901555" level="INFO">Success bericht: Formulier succesvol ingediend!</msg>
<arg>Success bericht: ${actual_text}</arg>
<arg>INFO</arg>
<doc>Logs the given message with the given level.</doc>
<status status="PASS" start="2026-03-17T16:23:16.900338" elapsed="0.001318"/>
</kw>
<kw name="Should Be Equal" owner="BuiltIn">
<arg>${actual_text}</arg>
<arg>${expectedText}</arg>
<doc>Fails if the given objects are unequal.</doc>
<status status="PASS" start="2026-03-17T16:23:16.901804" elapsed="0.000993"/>
</kw>
<kw name="Close Browser" owner="Browser">
<msg time="2026-03-17T16:23:17.054902" level="INFO">Closed browser</msg>
<tag>BrowserControl</tag>
<tag>Setter</tag>
<doc>Closes the current browser.</doc>
<status status="PASS" start="2026-03-17T16:23:16.903835" elapsed="0.151467"/>
</kw>
<status status="PASS" start="2026-03-17T16:23:12.604496" elapsed="4.451051"/>
</test>
<status status="PASS" start="2026-03-17T16:23:12.189192" elapsed="4.873292"/>
</suite>
<statistics>
<total>
<stat pass="1" fail="0" skip="0">All Tests</stat>
</total>
<tag>
</tag>
<suite>
<stat name="Test Form" id="s1" pass="1" fail="0" skip="0">Test Form</stat>
</suite>
</statistics>
<errors>
</errors>
</robot>
